  PZ2021APP.cpp
C:\Users\heiwei\Documents\PZ2021CLONE\PZ2021\Map.cpp(22,20): warning C4018: '<': signed/unsigned mismatch
C:\Users\heiwei\Documents\PZ2021CLONE\PZ2021\Map.cpp(33,20): warning C4018: '<': signed/unsigned mismatch
C:\Users\heiwei\Documents\PZ2021CLONE\PZ2021\Map.cpp(59,20): warning C4018: '<': signed/unsigned mismatch
C:\Users\heiwei\Documents\PZ2021CLONE\PZ2021\Map.cpp(68,20): warning C4018: '<': signed/unsigned mismatch
C:\Users\heiwei\Documents\PZ2021CLONE\PZ2021\Map.cpp(128,20): warning C4018: '<': signed/unsigned mismatch
C:\Users\heiwei\Documents\PZ2021CLONE\PZ2021\Map.cpp(137,25): warning C4018: '<': signed/unsigned mismatch
C:\Users\heiwei\Documents\PZ2021CLONE\PZ2021\Map.cpp(197,20): warning C4018: '<': signed/unsigned mismatch
C:\Users\heiwei\Documents\PZ2021CLONE\PZ2021\Map.cpp(219,25): warning C4018: '<': signed/unsigned mismatch
C:\Users\heiwei\Documents\PZ2021CLONE\PZ2021\Map.cpp(246,13): warning C4244: 'initializing': conversion from 'double' to 'int', possible loss of data
C:\Users\heiwei\Documents\PZ2021CLONE\PZ2021\Map.cpp(251,22): warning C4018: '<': signed/unsigned mismatch
C:\Users\heiwei\Documents\PZ2021CLONE\PZ2021\Map.cpp(315,22): warning C4018: '<': signed/unsigned mismatch
C:\Users\heiwei\Documents\PZ2021CLONE\PZ2021\Map.cpp(346,22): warning C4018: '<': signed/unsigned mismatch
C:\Users\heiwei\Documents\PZ2021CLONE\PZ2021\Map.cpp(350,22): warning C4018: '<': signed/unsigned mismatch
C:\Users\heiwei\Documents\PZ2021CLONE\PZ2021\Map.cpp(357,21): warning C4018: '<': signed/unsigned mismatch
C:\Users\heiwei\Documents\PZ2021CLONE\PZ2021\Map.cpp(386,20): warning C4018: '<': signed/unsigned mismatch
C:\Users\heiwei\Documents\PZ2021CLONE\PZ2021\Route.cpp(18,20): warning C4018: '<': signed/unsigned mismatch
C:\Users\heiwei\Documents\PZ2021CLONE\PZ2021\Route.cpp(47,20): warning C4018: '<': signed/unsigned mismatch
C:\Users\heiwei\Documents\PZ2021CLONE\PZ2021\Route.cpp(85,20): warning C4018: '<': signed/unsigned mismatch
C:\Users\heiwei\Documents\PZ2021CLONE\PZ2021\PZ2021APP\PZ2021APP.cpp(115,27): warning C4018: '<': signed/unsigned mismatch
C:\Users\heiwei\Documents\PZ2021CLONE\PZ2021\PZ2021APP\PZ2021APP.cpp(121,27): warning C4018: '<': signed/unsigned mismatch
C:\Users\heiwei\Documents\PZ2021CLONE\PZ2021\PZ2021APP\PZ2021APP.cpp(182,27): warning C4018: '<': signed/unsigned mismatch
C:\Users\heiwei\Documents\PZ2021CLONE\PZ2021\PZ2021APP\PZ2021APP.cpp(192,27): warning C4018: '<': signed/unsigned mismatch
C:\Users\heiwei\Documents\PZ2021CLONE\PZ2021\PZ2021APP\PZ2021APP.cpp(204,31): warning C4018: '<': signed/unsigned mismatch
C:\Users\heiwei\Documents\PZ2021CLONE\PZ2021\PZ2021APP\PZ2021APP.cpp(228,27): warning C4018: '<': signed/unsigned mismatch
C:\Users\heiwei\Documents\PZ2021CLONE\PZ2021\PZ2021APP\PZ2021APP.cpp(409,43): warning C4018: '<': signed/unsigned mismatch
C:\Users\heiwei\Documents\PZ2021CLONE\PZ2021\PZ2021APP\PZ2021APP.cpp(418,43): warning C4018: '<': signed/unsigned mismatch
  PZ2021APP.vcxproj -> C:\Users\heiwei\Documents\PZ2021CLONE\PZ2021\PZ2021APP\Debug\PZ2021APP.exe
