  City.cpp
  Map.cpp
C:\Users\heiwei\Documents\PZ2021CLONE\PZ2021\Map.cpp(21,20): warning C4018: '<': signed/unsigned mismatch
C:\Users\heiwei\Documents\PZ2021CLONE\PZ2021\Map.cpp(32,20): warning C4018: '<': signed/unsigned mismatch
C:\Users\heiwei\Documents\PZ2021CLONE\PZ2021\Map.cpp(58,20): warning C4018: '<': signed/unsigned mismatch
C:\Users\heiwei\Documents\PZ2021CLONE\PZ2021\Map.cpp(67,20): warning C4018: '<': signed/unsigned mismatch
C:\Users\heiwei\Documents\PZ2021CLONE\PZ2021\Map.cpp(127,20): warning C4018: '<': signed/unsigned mismatch
C:\Users\heiwei\Documents\PZ2021CLONE\PZ2021\Map.cpp(136,25): warning C4018: '<': signed/unsigned mismatch
C:\Users\heiwei\Documents\PZ2021CLONE\PZ2021\Map.cpp(196,20): warning C4018: '<': signed/unsigned mismatch
C:\Users\heiwei\Documents\PZ2021CLONE\PZ2021\Map.cpp(218,25): warning C4018: '<': signed/unsigned mismatch
C:\Users\heiwei\Documents\PZ2021CLONE\PZ2021\Map.cpp(245,13): warning C4244: 'initializing': conversion from 'double' to 'int', possible loss of data
C:\Users\heiwei\Documents\PZ2021CLONE\PZ2021\Map.cpp(250,22): warning C4018: '<': signed/unsigned mismatch
C:\Users\heiwei\Documents\PZ2021CLONE\PZ2021\Map.cpp(314,22): warning C4018: '<': signed/unsigned mismatch
C:\Users\heiwei\Documents\PZ2021CLONE\PZ2021\Map.cpp(345,22): warning C4018: '<': signed/unsigned mismatch
C:\Users\heiwei\Documents\PZ2021CLONE\PZ2021\Map.cpp(349,22): warning C4018: '<': signed/unsigned mismatch
C:\Users\heiwei\Documents\PZ2021CLONE\PZ2021\Map.cpp(356,21): warning C4018: '<': signed/unsigned mismatch
C:\Users\heiwei\Documents\PZ2021CLONE\PZ2021\Map.cpp(383,20): warning C4018: '<': signed/unsigned mismatch
  Road.cpp
  Route.cpp
C:\Users\heiwei\Documents\PZ2021CLONE\PZ2021\Route.cpp(18,20): warning C4018: '<': signed/unsigned mismatch
C:\Users\heiwei\Documents\PZ2021CLONE\PZ2021\Route.cpp(47,20): warning C4018: '<': signed/unsigned mismatch
C:\Users\heiwei\Documents\PZ2021CLONE\PZ2021\Route.cpp(85,20): warning C4018: '<': signed/unsigned mismatch
  Generating Code...
  PZ2021PROJECT.vcxproj -> C:\Users\heiwei\Documents\PZ2021CLONE\PZ2021\PZ2021PROJECT\Debug\PZ2021PROJECT.lib
